TIMESTAMP: Sat May 05 2018 14:00:10 GMT-0700 (PDT)
LOCATION: /home/mike/Dropbox/BCIT/201810/PROJ/kpi-dashboard/compiled/storages/MysqlStorage.js

Error: ER_BAD_FIELD_ERROR: Unknown column 'NON_EXISTENT_FIELD' in 'field list'

Error: ER_BAD_FIELD_ERROR: Unknown column 'NON_EXISTENT_FIELD' in 'field list'
    at Query.Sequence._packetToError (/home/mike/Dropbox/BCIT/201810/PROJ/kpi-dashboard/node_modules/mysql/lib/protocol/sequences/Sequence.js:52:14)
    at Query.ErrorPacket (/home/mike/Dropbox/BCIT/201810/PROJ/kpi-dashboard/node_modules/mysql/lib/protocol/sequences/Query.js:77:18)
    at Protocol._parsePacket (/home/mike/Dropbox/BCIT/201810/PROJ/kpi-dashboard/node_modules/mysql/lib/protocol/Protocol.js:279:23)
    at Parser.write (/home/mike/Dropbox/BCIT/201810/PROJ/kpi-dashboard/node_modules/mysql/lib/protocol/Parser.js:76:12)
    at Protocol.write (/home/mike/Dropbox/BCIT/201810/PROJ/kpi-dashboard/node_modules/mysql/lib/protocol/Protocol.js:39:16)
    at Socket.<anonymous> (/home/mike/Dropbox/BCIT/201810/PROJ/kpi-dashboard/node_modules/mysql/lib/Connection.js:103:28)
    at emitOne (events.js:116:13)
    at Socket.emit (events.js:211:7)
    at addChunk (_stream_readable.js:263:12)
    at readableAddChunk (_stream_readable.js:250:11)
    at Socket.Readable.push (_stream_readable.js:208:10)
    at TCP.onread (net.js:607:20)
    --------------------
    at Protocol._enqueue (/home/mike/Dropbox/BCIT/201810/PROJ/kpi-dashboard/node_modules/mysql/lib/protocol/Protocol.js:145:48)
    at Connection.query (/home/mike/Dropbox/BCIT/201810/PROJ/kpi-dashboard/node_modules/mysql/lib/Connection.js:208:25)
    at /home/mike/Dropbox/BCIT/201810/PROJ/kpi-dashboard/compiled/storages/MysqlStorage.js:74:43
    at new Promise (<anonymous>)
    at MysqlStorage.<anonymous> (/home/mike/Dropbox/BCIT/201810/PROJ/kpi-dashboard/compiled/storages/MysqlStorage.js:73:28)
    at step (/home/mike/Dropbox/BCIT/201810/PROJ/kpi-dashboard/compiled/storages/MysqlStorage.js:32:23)
    at Object.next (/home/mike/Dropbox/BCIT/201810/PROJ/kpi-dashboard/compiled/storages/MysqlStorage.js:13:53)
    at /home/mike/Dropbox/BCIT/201810/PROJ/kpi-dashboard/compiled/storages/MysqlStorage.js:7:71
    at new Promise (<anonymous>)
    at __awaiter (/home/mike/Dropbox/BCIT/201810/PROJ/kpi-dashboard/compiled/storages/MysqlStorage.js:3:12)
    at MysqlStorage.QueryResultsOrNull (/home/mike/Dropbox/BCIT/201810/PROJ/kpi-dashboard/compiled/storages/MysqlStorage.js:69:16)
    at MysqlStorage.<anonymous> (/home/mike/Dropbox/BCIT/201810/PROJ/kpi-dashboard/compiled/storages/MysqlStorage.js:98:41)
    at step (/home/mike/Dropbox/BCIT/201810/PROJ/kpi-dashboard/compiled/storages/MysqlStorage.js:32:23)
    at Object.next (/home/mike/Dropbox/BCIT/201810/PROJ/kpi-dashboard/compiled/storages/MysqlStorage.js:13:53)
    at /home/mike/Dropbox/BCIT/201810/PROJ/kpi-dashboard/compiled/storages/MysqlStorage.js:7:71
    at new Promise (<anonymous>)
    at __awaiter (/home/mike/Dropbox/BCIT/201810/PROJ/kpi-dashboard/compiled/storages/MysqlStorage.js:3:12)
    at MysqlStorage.Write (/home/mike/Dropbox/BCIT/201810/PROJ/kpi-dashboard/compiled/storages/MysqlStorage.js:91:16)
    at Object.<anonymous> (/home/mike/Dropbox/BCIT/201810/PROJ/kpi-dashboard/compiled/unittests/storages/TestMySqlStorage.js:172:48)
    at step (/home/mike/Dropbox/BCIT/201810/PROJ/kpi-dashboard/compiled/unittests/storages/TestMySqlStorage.js:32:23)
    at Object.next (/home/mike/Dropbox/BCIT/201810/PROJ/kpi-dashboard/compiled/unittests/storages/TestMySqlStorage.js:13:53)
    at /home/mike/Dropbox/BCIT/201810/PROJ/kpi-dashboard/compiled/unittests/storages/TestMySqlStorage.js:7:71
    at new Promise (<anonymous>)
    at __awaiter (/home/mike/Dropbox/BCIT/201810/PROJ/kpi-dashboard/compiled/unittests/storages/TestMySqlStorage.js:3:12)
    at Context.<anonymous> (/home/mike/Dropbox/BCIT/201810/PROJ/kpi-dashboard/compiled/unittests/storages/TestMySqlStorage.js:165:90)
    at callFn (/home/mike/Dropbox/BCIT/201810/PROJ/kpi-dashboard/node_modules/mocha/lib/runnable.js:383:21)
    at Test.Runnable.run (/home/mike/Dropbox/BCIT/201810/PROJ/kpi-dashboard/node_modules/mocha/lib/runnable.js:375:7)
    at Runner.runTest (/home/mike/Dropbox/BCIT/201810/PROJ/kpi-dashboard/node_modules/mocha/lib/runner.js:446:10)
    at /home/mike/Dropbox/BCIT/201810/PROJ/kpi-dashboard/node_modules/mocha/lib/runner.js:564:12
    at next (/home/mike/Dropbox/BCIT/201810/PROJ/kpi-dashboard/node_modules/mocha/lib/runner.js:360:14)
    at /home/mike/Dropbox/BCIT/201810/PROJ/kpi-dashboard/node_modules/mocha/lib/runner.js:370:7
    at next (/home/mike/Dropbox/BCIT/201810/PROJ/kpi-dashboard/node_modules/mocha/lib/runner.js:294:14)
    at Immediate._onImmediate (/home/mike/Dropbox/BCIT/201810/PROJ/kpi-dashboard/node_modules/mocha/lib/runner.js:338:5)
    at runCallback (timers.js:794:20)
    at tryOnImmediate (timers.js:752:5)
    at processImmediate [as _immediateCallback] (timers.js:729:5)

SQL Query: INSERT INTO dummy_test_table (NAME,NON_EXISTENT_FIELD) VALUES ?

Data: Jennifer,6